# JRE version: OpenJDK Runtime Environment (8.0_242-b01) (build 1.8.0_242-release-1644-b01)
# Java VM: OpenJDK 64-Bit Server VM (25.242-b01 mixed mode windows-amd64 compressed oops)
Heap:
 PSYoungGen      total 447488K, used 280979K [0x00000000e0000000, 0x0000000100000000, 0x0000000100000000)
  eden space 408576K, 59% used [0x00000000e0000000,0x00000000eec65ae0,0x00000000f8f00000)
  from space 38912K, 99% used [0x00000000fda00000,0x00000000fffff410,0x0000000100000000)
  to   space 57856K, 0% used [0x00000000f8f00000,0x00000000f8f00000,0x00000000fc780000)
 ParOldGen       total 150016K, used 95988K [0x00000000a0000000, 0x00000000a9280000, 0x00000000e0000000)
  object space 150016K, 63% used [0x00000000a0000000,0x00000000a5dbd288,0x00000000a9280000)
 Metaspace       used 91743K, capacity 97674K, committed 97920K, reserved 1134592K
  class space    used 12241K, capacity 13638K, committed 13696K, reserved 1048576K
GC Heap History (10 events):
Event: 16.244 GC heap before
{Heap before GC invocations=9 (full 2):
 PSYoungGen      total 251392K, used 239104K [0x00000000e0000000, 0x00000000f0980000, 0x0000000100000000)
  eden space 239104K, 100% used [0x00000000e0000000,0x00000000ee980000,0x00000000ee980000)
  from space 12288K, 0% used [0x00000000efd80000,0x00000000efd80000,0x00000000f0980000)
  to   space 16384K, 0% used [0x00000000ee980000,0x00000000ee980000,0x00000000ef980000)
 ParOldGen       total 110592K, used 16676K [0x00000000a0000000, 0x00000000a6c00000, 0x00000000e0000000)
  object space 110592K, 15% used [0x00000000a0000000,0x00000000a10491f0,0x00000000a6c00000)
 Metaspace       used 50213K, capacity 51682K, committed 51840K, reserved 1093632K
  class space    used 6602K, capacity 6995K, committed 7040K, reserved 1048576K
Event: 16.326 GC heap after
Heap after GC invocations=9 (full 2):
 PSYoungGen      total 255488K, used 16370K [0x00000000e0000000, 0x00000000fc500000, 0x0000000100000000)
  eden space 239104K, 0% used [0x00000000e0000000,0x00000000e0000000,0x00000000ee980000)
  from space 16384K, 99% used [0x00000000ee980000,0x00000000ef97c9c8,0x00000000ef980000)
  to   space 22528K, 0% used [0x00000000faf00000,0x00000000faf00000,0x00000000fc500000)
 ParOldGen       total 110592K, used 24172K [0x00000000a0000000, 0x00000000a6c00000, 0x00000000e0000000)
  object space 110592K, 21% used [0x00000000a0000000,0x00000000a179b0b8,0x00000000a6c00000)
 Metaspace       used 50213K, capacity 51682K, committed 51840K, reserved 1093632K
  class space    used 6602K, capacity 6995K, committed 7040K, reserved 1048576K
}
Event: 18.527 GC heap before
{Heap before GC invocations=10 (full 2):
 PSYoungGen      total 255488K, used 103869K [0x00000000e0000000, 0x00000000fc500000, 0x0000000100000000)
  eden space 239104K, 36% used [0x00000000e0000000,0x00000000e5572cc8,0x00000000ee980000)
  from space 16384K, 99% used [0x00000000ee980000,0x00000000ef97c9c8,0x00000000ef980000)
  to   space 22528K, 0% used [0x00000000faf00000,0x00000000faf00000,0x00000000fc500000)
 ParOldGen       total 110592K, used 24172K [0x00000000a0000000, 0x00000000a6c00000, 0x00000000e0000000)
  object space 110592K, 21% used [0x00000000a0000000,0x00000000a179b0b8,0x00000000a6c00000)
 Metaspace       used 57088K, capacity 58790K, committed 59008K, reserved 1099776K
  class space    used 7495K, capacity 7947K, committed 8064K, reserved 1048576K
Event: 18.550 GC heap after
Heap after GC invocations=10 (full 2):
 PSYoungGen      total 428544K, used 19514K [0x00000000e0000000, 0x00000000fc280000, 0x0000000100000000)
  eden space 408576K, 0% used [0x00000000e0000000,0x00000000e0000000,0x00000000f8f00000)
  from space 19968K, 97% used [0x00000000faf00000,0x00000000fc20ebe0,0x00000000fc280000)
  to   space 24576K, 0% used [0x00000000f9280000,0x00000000f9280000,0x00000000faa80000)
 ParOldGen       total 110592K, used 24244K [0x00000000a0000000, 0x00000000a6c00000, 0x00000000e0000000)
  object space 110592K, 21% used [0x00000000a0000000,0x00000000a17ad0c8,0x00000000a6c00000)
 Metaspace       used 57088K, capacity 58790K, committed 59008K, reserved 1099776K
  class space    used 7495K, capacity 7947K, committed 8064K, reserved 1048576K
}
Event: 18.550 GC heap before
{Heap before GC invocations=11 (full 3):
 PSYoungGen      total 428544K, used 19514K [0x00000000e0000000, 0x00000000fc280000, 0x0000000100000000)
  eden space 408576K, 0% used [0x00000000e0000000,0x00000000e0000000,0x00000000f8f00000)
  from space 19968K, 97% used [0x00000000faf00000,0x00000000fc20ebe0,0x00000000fc280000)
  to   space 24576K, 0% used [0x00000000f9280000,0x00000000f9280000,0x00000000faa80000)
 ParOldGen       total 110592K, used 24244K [0x00000000a0000000, 0x00000000a6c00000, 0x00000000e0000000)
  object space 110592K, 21% used [0x00000000a0000000,0x00000000a17ad0c8,0x00000000a6c00000)
 Metaspace       used 57088K, capacity 58790K, committed 59008K, reserved 1099776K
  class space    used 7495K, capacity 7947K, committed 8064K, reserved 1048576K
Event: 18.831 GC heap after
Heap after GC invocations=11 (full 3):
 PSYoungGen      total 428544K, used 0K [0x00000000e0000000, 0x00000000fc280000, 0x0000000100000000)
  eden space 408576K, 0% used [0x00000000e0000000,0x00000000e0000000,0x00000000f8f00000)
  from space 19968K, 0% used [0x00000000faf00000,0x00000000faf00000,0x00000000fc280000)
  to   space 24576K, 0% used [0x00000000f9280000,0x00000000f9280000,0x00000000faa80000)
 ParOldGen       total 150016K, used 33348K [0x00000000a0000000, 0x00000000a9280000, 0x00000000e0000000)
  object space 150016K, 22% used [0x00000000a0000000,0x00000000a20913c0,0x00000000a9280000)
 Metaspace       used 57011K, capacity 58546K, committed 59008K, reserved 1099776K
  class space    used 7474K, capacity 7893K, committed 8064K, reserved 1048576K
}
Event: 26.756 GC heap before
{Heap before GC invocations=12 (full 3):
 PSYoungGen      total 428544K, used 408576K [0x00000000e0000000, 0x00000000fc280000, 0x0000000100000000)
  eden space 408576K, 100% used [0x00000000e0000000,0x00000000f8f00000,0x00000000f8f00000)
  from space 19968K, 0% used [0x00000000faf00000,0x00000000faf00000,0x00000000fc280000)
  to   space 24576K, 0% used [0x00000000f9280000,0x00000000f9280000,0x00000000faa80000)
 ParOldGen       total 150016K, used 33348K [0x00000000a0000000, 0x00000000a9280000, 0x00000000e0000000)
  object space 150016K, 22% used [0x00000000a0000000,0x00000000a20913c0,0x00000000a9280000)
 Metaspace       used 70102K, capacity 74624K, committed 74752K, reserved 1114112K
  class space    used 9419K, capacity 10694K, committed 10752K, reserved 1048576K
Event: 26.811 GC heap after
Heap after GC invocations=12 (full 3):
 PSYoungGen      total 436736K, used 24552K [0x00000000e0000000, 0x0000000100000000, 0x0000000100000000)
  eden space 412160K, 0% used [0x00000000e0000000,0x00000000e0000000,0x00000000f9280000)
  from space 24576K, 99% used [0x00000000f9280000,0x00000000faa7a030,0x00000000faa80000)
  to   space 38912K, 0% used [0x00000000fda00000,0x00000000fda00000,0x0000000100000000)
 ParOldGen       total 150016K, used 60437K [0x00000000a0000000, 0x00000000a9280000, 0x00000000e0000000)
  object space 150016K, 40% used [0x00000000a0000000,0x00000000a3b056a8,0x00000000a9280000)
 Metaspace       used 70102K, capacity 74624K, committed 74752K, reserved 1114112K
  class space    used 9419K, capacity 10694K, committed 10752K, reserved 1048576K
}
Event: 34.252 GC heap before
{Heap before GC invocations=13 (full 3):
 PSYoungGen      total 436736K, used 436712K [0x00000000e0000000, 0x0000000100000000, 0x0000000100000000)
  eden space 412160K, 100% used [0x00000000e0000000,0x00000000f9280000,0x00000000f9280000)
  from space 24576K, 99% used [0x00000000f9280000,0x00000000faa7a030,0x00000000faa80000)
  to   space 38912K, 0% used [0x00000000fda00000,0x00000000fda00000,0x0000000100000000)
 ParOldGen       total 150016K, used 60437K [0x00000000a0000000, 0x00000000a9280000, 0x00000000e0000000)
  object space 150016K, 40% used [0x00000000a0000000,0x00000000a3b056a8,0x00000000a9280000)
 Metaspace       used 80120K, capacity 85492K, committed 85760K, reserved 1122304K
  class space    used 10644K, capacity 11979K, committed 12032K, reserved 1048576K
Event: 34.416 GC heap after
Heap after GC invocations=13 (full 3):
 PSYoungGen      total 447488K, used 38909K [0x00000000e0000000, 0x0000000100000000, 0x0000000100000000)
  eden space 408576K, 0% used [0x00000000e0000000,0x00000000e0000000,0x00000000f8f00000)
  from space 38912K, 99% used [0x00000000fda00000,0x00000000fffff410,0x0000000100000000)
  to   space 57856K, 0% used [0x00000000f8f00000,0x00000000f8f00000,0x00000000fc780000)
 ParOldGen       total 150016K, used 95988K [0x00000000a0000000, 0x00000000a9280000, 0x00000000e0000000)
  object space 150016K, 63% used [0x00000000a0000000,0x00000000a5dbd288,0x00000000a9280000)
 Metaspace       used 80120K, capacity 85492K, committed 85760K, reserved 1122304K
  class space    used 10644K, capacity 11979K, committed 12032K, reserved 1048576K
}

