# JRE version: OpenJDK Runtime Environment (8.0_242-b01) (build 1.8.0_242-release-1644-b01)
# Java VM: OpenJDK 64-Bit Server VM (25.242-b01 mixed mode windows-amd64 compressed oops)
Heap:
 PSYoungGen      total 386560K, used 307522K [0x00000000e0000000, 0x0000000100000000, 0x0000000100000000)
  eden space 303104K, 74% used [0x00000000e0000000,0x00000000edb3caa0,0x00000000f2800000)
  from space 83456K, 99% used [0x00000000f2800000,0x00000000f7914128,0x00000000f7980000)
  to   space 119296K, 0% used [0x00000000f8b80000,0x00000000f8b80000,0x0000000100000000)
 ParOldGen       total 435712K, used 292781K [0x00000000a0000000, 0x00000000ba980000, 0x00000000e0000000)
  object space 435712K, 67% used [0x00000000a0000000,0x00000000b1deb528,0x00000000ba980000)
 Metaspace       used 118588K, capacity 127786K, committed 127960K, reserved 1159168K
  class space    used 15335K, capacity 17308K, committed 17408K, reserved 1048576K
GC Heap History (10 events):
Event: 94.320 GC heap before
{Heap before GC invocations=33 (full 4):
 PSYoungGen      total 434176K, used 370293K [0x00000000e0000000, 0x0000000100000000, 0x0000000100000000)
  eden space 340992K, 100% used [0x00000000e0000000,0x00000000f4d00000,0x00000000f4d00000)
  from space 93184K, 31% used [0x00000000fa500000,0x00000000fc19d718,0x0000000100000000)
  to   space 90112K, 0% used [0x00000000f4d00000,0x00000000f4d00000,0x00000000fa500000)
 ParOldGen       total 435712K, used 203389K [0x00000000a0000000, 0x00000000ba980000, 0x00000000e0000000)
  object space 435712K, 46% used [0x00000000a0000000,0x00000000ac69f478,0x00000000ba980000)
 Metaspace       used 113503K, capacity 122328K, committed 122584K, reserved 1155072K
  class space    used 14933K, capacity 16830K, committed 16896K, reserved 1048576K
Event: 94.342 GC heap after
Heap after GC invocations=33 (full 4):
 PSYoungGen      total 363520K, used 22335K [0x00000000e0000000, 0x00000000ffa00000, 0x0000000100000000)
  eden space 340992K, 0% used [0x00000000e0000000,0x00000000e0000000,0x00000000f4d00000)
  from space 22528K, 99% used [0x00000000f4d00000,0x00000000f62cffc0,0x00000000f6300000)
  to   space 88576K, 0% used [0x00000000fa380000,0x00000000fa380000,0x00000000ffa00000)
 ParOldGen       total 435712K, used 205769K [0x00000000a0000000, 0x00000000ba980000, 0x00000000e0000000)
  object space 435712K, 47% used [0x00000000a0000000,0x00000000ac8f2758,0x00000000ba980000)
 Metaspace       used 113503K, capacity 122328K, committed 122584K, reserved 1155072K
  class space    used 14933K, capacity 16830K, committed 16896K, reserved 1048576K
}
Event: 95.217 GC heap before
{Heap before GC invocations=34 (full 4):
 PSYoungGen      total 363520K, used 363327K [0x00000000e0000000, 0x00000000ffa00000, 0x0000000100000000)
  eden space 340992K, 100% used [0x00000000e0000000,0x00000000f4d00000,0x00000000f4d00000)
  from space 22528K, 99% used [0x00000000f4d00000,0x00000000f62cffc0,0x00000000f6300000)
  to   space 88576K, 0% used [0x00000000fa380000,0x00000000fa380000,0x00000000ffa00000)
 ParOldGen       total 435712K, used 205769K [0x00000000a0000000, 0x00000000ba980000, 0x00000000e0000000)
  object space 435712K, 47% used [0x00000000a0000000,0x00000000ac8f2758,0x00000000ba980000)
 Metaspace       used 113515K, capacity 122328K, committed 122584K, reserved 1155072K
  class space    used 14933K, capacity 16830K, committed 16896K, reserved 1048576K
Event: 95.245 GC heap after
Heap after GC invocations=34 (full 4):
 PSYoungGen      total 430080K, used 11846K [0x00000000e0000000, 0x0000000100000000, 0x0000000100000000)
  eden space 341504K, 0% used [0x00000000e0000000,0x00000000e0000000,0x00000000f4d80000)
  from space 88576K, 13% used [0x00000000fa380000,0x00000000faf11b08,0x00000000ffa00000)
  to   space 88064K, 0% used [0x00000000f4d80000,0x00000000f4d80000,0x00000000fa380000)
 ParOldGen       total 435712K, used 217760K [0x00000000a0000000, 0x00000000ba980000, 0x00000000e0000000)
  object space 435712K, 49% used [0x00000000a0000000,0x00000000ad4a8080,0x00000000ba980000)
 Metaspace       used 113515K, capacity 122328K, committed 122584K, reserved 1155072K
  class space    used 14933K, capacity 16830K, committed 16896K, reserved 1048576K
}
Event: 96.587 GC heap before
{Heap before GC invocations=35 (full 4):
 PSYoungGen      total 430080K, used 353350K [0x00000000e0000000, 0x0000000100000000, 0x0000000100000000)
  eden space 341504K, 100% used [0x00000000e0000000,0x00000000f4d80000,0x00000000f4d80000)
  from space 88576K, 13% used [0x00000000fa380000,0x00000000faf11b08,0x00000000ffa00000)
  to   space 88064K, 0% used [0x00000000f4d80000,0x00000000f4d80000,0x00000000fa380000)
 ParOldGen       total 435712K, used 217760K [0x00000000a0000000, 0x00000000ba980000, 0x00000000e0000000)
  object space 435712K, 49% used [0x00000000a0000000,0x00000000ad4a8080,0x00000000ba980000)
 Metaspace       used 113684K, capacity 122520K, committed 122584K, reserved 1155072K
  class space    used 14938K, capacity 16836K, committed 16896K, reserved 1048576K
Event: 96.675 GC heap after
Heap after GC invocations=35 (full 4):
 PSYoungGen      total 429568K, used 88032K [0x00000000e0000000, 0x0000000100000000, 0x0000000100000000)
  eden space 341504K, 0% used [0x00000000e0000000,0x00000000e0000000,0x00000000f4d80000)
  from space 88064K, 99% used [0x00000000f4d80000,0x00000000fa378018,0x00000000fa380000)
  to   space 94720K, 0% used [0x00000000fa380000,0x00000000fa380000,0x0000000100000000)
 ParOldGen       total 435712K, used 243738K [0x00000000a0000000, 0x00000000ba980000, 0x00000000e0000000)
  object space 435712K, 55% used [0x00000000a0000000,0x00000000aee06bb8,0x00000000ba980000)
 Metaspace       used 113684K, capacity 122520K, committed 122584K, reserved 1155072K
  class space    used 14938K, capacity 16836K, committed 16896K, reserved 1048576K
}
Event: 98.491 GC heap before
{Heap before GC invocations=36 (full 4):
 PSYoungGen      total 429568K, used 429536K [0x00000000e0000000, 0x0000000100000000, 0x0000000100000000)
  eden space 341504K, 100% used [0x00000000e0000000,0x00000000f4d80000,0x00000000f4d80000)
  from space 88064K, 99% used [0x00000000f4d80000,0x00000000fa378018,0x00000000fa380000)
  to   space 94720K, 0% used [0x00000000fa380000,0x00000000fa380000,0x0000000100000000)
 ParOldGen       total 435712K, used 243738K [0x00000000a0000000, 0x00000000ba980000, 0x00000000e0000000)
  object space 435712K, 55% used [0x00000000a0000000,0x00000000aee06bb8,0x00000000ba980000)
 Metaspace       used 114300K, capacity 123272K, committed 123480K, reserved 1155072K
  class space    used 15015K, capacity 16940K, committed 17024K, reserved 1048576K
Event: 98.566 GC heap after
Heap after GC invocations=36 (full 4):
 PSYoungGen      total 397824K, used 11154K [0x00000000e0000000, 0x0000000100000000, 0x0000000100000000)
  eden space 303104K, 0% used [0x00000000e0000000,0x00000000e0000000,0x00000000f2800000)
  from space 94720K, 11% used [0x00000000fa380000,0x00000000fae64918,0x0000000100000000)
  to   space 110592K, 0% used [0x00000000f2800000,0x00000000f2800000,0x00000000f9400000)
 ParOldGen       total 435712K, used 283513K [0x00000000a0000000, 0x00000000ba980000, 0x00000000e0000000)
  object space 435712K, 65% used [0x00000000a0000000,0x00000000b14de588,0x00000000ba980000)
 Metaspace       used 114300K, capacity 123272K, committed 123480K, reserved 1155072K
  class space    used 15015K, capacity 16940K, committed 17024K, reserved 1048576K
}
Event: 422.952 GC heap before
{Heap before GC invocations=37 (full 4):
 PSYoungGen      total 397824K, used 314258K [0x00000000e0000000, 0x0000000100000000, 0x0000000100000000)
  eden space 303104K, 100% used [0x00000000e0000000,0x00000000f2800000,0x00000000f2800000)
  from space 94720K, 11% used [0x00000000fa380000,0x00000000fae64918,0x0000000100000000)
  to   space 110592K, 0% used [0x00000000f2800000,0x00000000f2800000,0x00000000f9400000)
 ParOldGen       total 435712K, used 283513K [0x00000000a0000000, 0x00000000ba980000, 0x00000000e0000000)
  object space 435712K, 65% used [0x00000000a0000000,0x00000000b14de588,0x00000000ba980000)
 Metaspace       used 118318K, capacity 127494K, committed 127704K, reserved 1159168K
  class space    used 15333K, capacity 17304K, committed 17408K, reserved 1048576K
Event: 423.015 GC heap after
Heap after GC invocations=37 (full 4):
 PSYoungGen      total 386560K, used 83024K [0x00000000e0000000, 0x0000000100000000, 0x0000000100000000)
  eden space 303104K, 0% used [0x00000000e0000000,0x00000000e0000000,0x00000000f2800000)
  from space 83456K, 99% used [0x00000000f2800000,0x00000000f7914128,0x00000000f7980000)
  to   space 119296K, 0% used [0x00000000f8b80000,0x00000000f8b80000,0x0000000100000000)
 ParOldGen       total 435712K, used 292781K [0x00000000a0000000, 0x00000000ba980000, 0x00000000e0000000)
  object space 435712K, 67% used [0x00000000a0000000,0x00000000b1deb528,0x00000000ba980000)
 Metaspace       used 118318K, capacity 127494K, committed 127704K, reserved 1159168K
  class space    used 15333K, capacity 17304K, committed 17408K, reserved 1048576K
}

